0 info it worked if it ends with ok
1 verbose cli [ '/usr/local/Cellar/node/0.10.26/bin/node',
1 verbose cli   '/usr/local/bin/npm',
1 verbose cli   'install',
1 verbose cli   '--save-dev',
1 verbose cli   'grunt-string-replace#0.2.7' ]
2 info using npm@1.4.3
3 info using node@v0.10.26
4 verbose readDependencies using package.json deps
5 verbose cache add [ 'grunt-string-replace#0.2.7', null ]
6 verbose cache add name=undefined spec="grunt-string-replace#0.2.7" args=["grunt-string-replace#0.2.7",null]
7 verbose parsed url { protocol: null,
7 verbose parsed url   slashes: null,
7 verbose parsed url   auth: null,
7 verbose parsed url   host: null,
7 verbose parsed url   port: null,
7 verbose parsed url   hostname: null,
7 verbose parsed url   hash: '#0.2.7',
7 verbose parsed url   search: null,
7 verbose parsed url   query: null,
7 verbose parsed url   pathname: 'grunt-string-replace',
7 verbose parsed url   path: 'grunt-string-replace',
7 verbose parsed url   href: 'grunt-string-replace#0.2.7' }
8 silly lockFile 2640756e-grunt-string-replace-0-2-7 grunt-string-replace#0.2.7
9 verbose lock grunt-string-replace#0.2.7 /Users/huston/.npm/2640756e-grunt-string-replace-0-2-7.lock
10 silly lockFile 2640756e-grunt-string-replace-0-2-7 grunt-string-replace#0.2.7
11 silly lockFile 2640756e-grunt-string-replace-0-2-7 grunt-string-replace#0.2.7
12 verbose addNamed [ 'grunt-string-replace#0.2.7', '' ]
13 verbose addNamed [ null, '*' ]
14 silly lockFile 1a0541a0-grunt-string-replace-0-2-7 grunt-string-replace#0.2.7@
15 verbose lock grunt-string-replace#0.2.7@ /Users/huston/.npm/1a0541a0-grunt-string-replace-0-2-7.lock
16 silly addNameRange { name: 'grunt-string-replace#0.2.7',
16 silly addNameRange   range: '*',
16 silly addNameRange   hasData: false }
17 verbose url raw grunt-string-replace#0.2.7
18 verbose url resolving [ 'https://registry.npmjs.org/',
18 verbose url resolving   './grunt-string-replace%230.2.7' ]
19 verbose url resolved https://registry.npmjs.org/grunt-string-replace%230.2.7
20 info trying registry request attempt 1 at 15:30:41
21 http GET https://registry.npmjs.org/grunt-string-replace%230.2.7
22 http 404 https://registry.npmjs.org/grunt-string-replace%230.2.7
23 silly registry.get cb [ 404,
23 silly registry.get   { date: 'Mon, 03 Nov 2014 23:30:42 GMT',
23 silly registry.get     server: 'CouchDB/1.5.0 (Erlang OTP/R16B03)',
23 silly registry.get     'content-type': 'application/json',
23 silly registry.get     'cache-control': 'max-age=0',
23 silly registry.get     'content-length': '52',
23 silly registry.get     'accept-ranges': 'bytes',
23 silly registry.get     via: '1.1 varnish',
23 silly registry.get     age: '0',
23 silly registry.get     'x-served-by': 'cache-lax1426-LAX',
23 silly registry.get     'x-cache': 'MISS',
23 silly registry.get     'x-cache-hits': '0',
23 silly registry.get     'x-timer': 'S1415057442.355311,VS0,VE43',
23 silly registry.get     'keep-alive': 'timeout=10, max=50',
23 silly registry.get     connection: 'Keep-Alive' } ]
24 silly lockFile 1a0541a0-grunt-string-replace-0-2-7 grunt-string-replace#0.2.7@
25 silly lockFile 1a0541a0-grunt-string-replace-0-2-7 grunt-string-replace#0.2.7@
26 error 404 'grunt-string-replace%230.2.7' is not in the npm registry.
26 error 404 You should bug the author to publish it
26 error 404 It was specified as a dependency of 'alchemyjs'
26 error 404
26 error 404 Note that you can also install from a
26 error 404 tarball, folder, or http url, or git url.
27 error System Darwin 13.4.0
28 error command "/usr/local/Cellar/node/0.10.26/bin/node" "/usr/local/bin/npm" "install" "--save-dev" "grunt-string-replace#0.2.7"
29 error cwd /Users/huston/Dropbox/Projects/alchemy
30 error node -v v0.10.26
31 error npm -v 1.4.3
32 error code E404
33 verbose exit [ 1, true ]
